This file contains any messages produced by compilers while
running configure, to aid debugging if configure makes a mistake.

It was created by configure, which was
generated by GNU Autoconf 2.63.  Invocation command line was

  $ ./configure --disable-option-checking --prefix=/home/mike/proj/iome_release --cache-file=/dev/null --srcdir=.

## --------- ##
## Platform. ##
## --------- ##

hostname = mike-laptop
uname -m = x86_64
uname -r = 2.6.28-15-generic
uname -s = Linux
uname -v = #49-Ubuntu SMP Tue Aug 18 19:25:34 UTC 2009

/usr/bin/uname -p = unknown
/bin/uname -X     = unknown

/bin/arch              = unknown
/usr/bin/arch -k       = unknown
/usr/convex/getsysinfo = unknown
/usr/bin/hostinfo      = unknown
/bin/machine           = unknown
/usr/bin/oslevel       = unknown
/bin/universe          = unknown

PATH: /usr/local/sbin
PATH: /usr/local/bin
PATH: /usr/sbin
PATH: /usr/bin
PATH: /sbin
PATH: /bin
PATH: /usr/games
PATH: /usr/X11R6/bin
PATH: /bin
PATH: .
PATH: /home/mike/bin
PATH: /home/mike/lib
PATH: /usr/local/bin
PATH: /bin
PATH: /usr/local/eclipse
PATH: /bin
PATH: /home/mike/tools/forrest/bin
PATH: /usr/local/lib
PATH: /usr/bin
PATH: /usr/bin
PATH: /home/mike/tools/ec2-api-tools-1.3-30349/bin
PATH: /home/mike/proj/iome_release/bin


## ----------- ##
## Core tests. ##
## ----------- ##

configure:2325: checking for grep that handles long lines and -e
configure:2385: result: /bin/grep
configure:2390: checking for egrep
configure:2454: result: /bin/grep -E
configure:2459: checking for a sed that does not truncate output
configure:2525: result: /bin/sed
configure:2650: checking for gcc
configure:2666: found /usr/bin/gcc
configure:2677: result: gcc
configure:2909: checking for C compiler version
configure:2917: gcc --version >&5
gcc (Ubuntu 4.3.3-5ubuntu4) 4.3.3
Copyright (C) 2008 Free Software Foundation, Inc.
This is free software; see the source for copying conditions.  There is NO
warranty; not even for MERCHANTABILITY or FITNESS FOR A PARTICULAR PURPOSE.

configure:2921: $? = 0
configure:2928: gcc -v >&5
Using built-in specs.
Target: x86_64-linux-gnu
Configured with: ../src/configure -v --with-pkgversion='Ubuntu 4.3.3-5ubuntu4' --with-bugurl=file:///usr/share/doc/gcc-4.3/README.Bugs --enable-languages=c,c++,fortran,objc,obj-c++ --prefix=/usr --enable-shared --with-system-zlib --libexecdir=/usr/lib --without-included-gettext --enable-threads=posix --enable-nls --with-gxx-include-dir=/usr/include/c++/4.3 --program-suffix=-4.3 --enable-clocale=gnu --enable-libstdcxx-debug --enable-objc-gc --enable-mpfr --with-tune=generic --enable-checking=release --build=x86_64-linux-gnu --host=x86_64-linux-gnu --target=x86_64-linux-gnu
Thread model: posix
gcc version 4.3.3 (Ubuntu 4.3.3-5ubuntu4) 
configure:2932: $? = 0
configure:2939: gcc -V >&5
gcc: '-V' option must have argument
configure:2943: $? = 1
configure:2966: checking for C compiler default output file name
configure:2988: gcc    conftest.c  >&5
configure:2992: $? = 0
configure:3030: result: a.out
configure:3049: checking whether the C compiler works
configure:3059: ./a.out
configure:3063: $? = 0
configure:3082: result: yes
configure:3089: checking whether we are cross compiling
configure:3091: result: no
configure:3094: checking for suffix of executables
configure:3101: gcc -o conftest    conftest.c  >&5
configure:3105: $? = 0
configure:3131: result: 
configure:3137: checking for suffix of object files
configure:3163: gcc -c   conftest.c >&5
configure:3167: $? = 0
configure:3192: result: o
configure:3196: checking whether we are using the GNU C compiler
configure:3225: gcc -c   conftest.c >&5
configure:3232: $? = 0
configure:3249: result: yes
configure:3258: checking whether gcc accepts -g
configure:3288: gcc -c -g  conftest.c >&5
configure:3295: $? = 0
configure:3396: result: yes
configure:3413: checking for gcc option to accept ISO C89
configure:3487: gcc  -c -g -O2  conftest.c >&5
configure:3494: $? = 0
configure:3517: result: none needed
configure:3536: checking whether gcc and cc understand -c and -o together
configure:3571: gcc -c conftest.c -o conftest2.o >&5
configure:3575: $? = 0
configure:3581: gcc -c conftest.c -o conftest2.o >&5
configure:3585: $? = 0
configure:3596: cc -c conftest.c >&5
configure:3600: $? = 0
configure:3608: cc -c conftest.c -o conftest2.o >&5
configure:3612: $? = 0
configure:3618: cc -c conftest.c -o conftest2.o >&5
configure:3622: $? = 0
configure:3640: result: yes
configure:3656: checking for system library directory
configure:3674: result: lib
configure:3682: checking if compiler supports -R
configure:3711: gcc -o conftest -g -O2   conftest.c -R /usr/lib  >&5
gcc: unrecognized option '-R'
/usr/bin/ld: /usr/lib: No such file: File format not recognized
collect2: ld returned 1 exit status
configure:3718: $? = 1
configure: failed program was:
| /* confdefs.h.  */
| #define PACKAGE_NAME ""
| #define PACKAGE_TARNAME ""
| #define PACKAGE_VERSION ""
| #define PACKAGE_STRING ""
| #define PACKAGE_BUGREPORT ""
| /* end confdefs.h.  */
| 
| int
| main ()
| {
| 
|   ;
|   return 0;
| }
configure:3740: result: no
configure:3745: checking if compiler supports -Wl,-rpath,
configure:3774: gcc -o conftest -g -O2   conftest.c -Wl,-rpath,/usr/lib  >&5
configure:3781: $? = 0
configure:3803: result: yes
configure:3852: checking build system type
configure:3870: result: x86_64-unknown-linux-gnu
configure:3892: checking host system type
configure:3907: result: x86_64-unknown-linux-gnu
configure:3929: checking target system type
configure:3944: result: x86_64-unknown-linux-gnu
configure:4056: checking for PHP prefix
configure:4058: result: /usr
configure:4060: checking for PHP includes
configure:4062: result: -I/usr/include/php5 -I/usr/include/php5/main -I/usr/include/php5/TSRM -I/usr/include/php5/Zend -I/usr/include/php5/ext -I/usr/include/php5/ext/date/lib
configure:4064: checking for PHP extension directory
configure:4066: result: /usr/lib/php5/20060613
configure:4068: checking for PHP installed headers prefix
configure:4070: result: /usr/include/php5
configure:4114: checking for re2c
configure:4144: result: no
configure:4169: WARNING: You will need re2c 0.12.0 or later if you want to regenerate PHP parsers.
configure:4183: checking for gawk
configure:4214: result: no
configure:4183: checking for nawk
configure:4200: found /usr/bin/nawk
configure:4211: result: nawk
configure:4236: checking if nawk is broken
configure:4245: result: no
configure:4258: checking whether to enable iomephp support
configure:4300: result: yes, shared
configure:4627: checking for a sed that does not truncate output
configure:4693: result: /bin/sed
configure:4711: checking for fgrep
configure:4775: result: /bin/grep -F
configure:4810: checking for ld used by gcc
configure:4877: result: /usr/bin/ld
configure:4886: checking if the linker (/usr/bin/ld) is GNU ld
configure:4901: result: yes
configure:4913: checking for BSD- or MS-compatible name lister (nm)
configure:4962: result: /usr/bin/nm -B
configure:5080: checking the name lister (/usr/bin/nm -B) interface
configure:5087: gcc -c -g -O2  conftest.c >&5
configure:5090: /usr/bin/nm -B "conftest.o"
configure:5093: output
0000000000000000 B some_variable
configure:5100: result: BSD nm
configure:5103: checking whether ln -s works
configure:5107: result: yes
configure:5115: checking the maximum length of command line arguments
configure:5235: result: 1572864
configure:5252: checking whether the shell understands some XSI constructs
configure:5262: result: yes
configure:5266: checking whether the shell understands "+="
configure:5272: result: yes
configure:5307: checking for /usr/bin/ld option to reload object files
configure:5314: result: -r
configure:5383: checking for objdump
configure:5399: found /usr/bin/objdump
configure:5410: result: objdump
configure:5442: checking how to recognize dependent libraries
configure:5638: result: pass_all
configure:5698: checking for ar
configure:5714: found /usr/bin/ar
configure:5725: result: ar
configure:5803: checking for strip
configure:5819: found /usr/bin/strip
configure:5830: result: strip
configure:5902: checking for ranlib
configure:5918: found /usr/bin/ranlib
configure:5929: result: ranlib
configure:6019: checking command to parse /usr/bin/nm -B output from gcc object
configure:6137: gcc -c -g -O2  conftest.c >&5
configure:6140: $? = 0
configure:6144: /usr/bin/nm -B conftest.o \| sed -n -e 's/^.*[	 ]\([ABCDGIRSTW][ABCDGIRSTW]*\)[	 ][	 ]*\([_A-Za-z][_A-Za-z0-9]*\)$/\1 \2 \2/p' \> conftest.nm
configure:6147: $? = 0
configure:6201: gcc -o conftest -g -O2   conftest.c conftstm.o >&5
configure:6204: $? = 0
configure:6242: result: ok
configure:6337: gcc -c -g -O2  conftest.c >&5
configure:6340: $? = 0
configure:7108: checking how to run the C preprocessor
configure:7148: gcc -E  conftest.c
configure:7155: $? = 0
configure:7186: gcc -E  conftest.c
conftest.c:10:28: error: ac_nonexistent.h: No such file or directory
configure:7193: $? = 1
configure: failed program was:
| /* confdefs.h.  */
| #define PACKAGE_NAME ""
| #define PACKAGE_TARNAME ""
| #define PACKAGE_VERSION ""
| #define PACKAGE_STRING ""
| #define PACKAGE_BUGREPORT ""
| #define HAVE_IOPHP 1
| #define COMPILE_DL_IOPHP 1
| /* end confdefs.h.  */
| #include <ac_nonexistent.h>
configure:7226: result: gcc -E
configure:7255: gcc -E  conftest.c
configure:7262: $? = 0
configure:7293: gcc -E  conftest.c
conftest.c:10:28: error: ac_nonexistent.h: No such file or directory
configure:7300: $? = 1
configure: failed program was:
| /* confdefs.h.  */
| #define PACKAGE_NAME ""
| #define PACKAGE_TARNAME ""
| #define PACKAGE_VERSION ""
| #define PACKAGE_STRING ""
| #define PACKAGE_BUGREPORT ""
| #define HAVE_IOPHP 1
| #define COMPILE_DL_IOPHP 1
| /* end confdefs.h.  */
| #include <ac_nonexistent.h>
configure:7340: checking for ANSI C header files
configure:7370: gcc -c -g -O2  conftest.c >&5
configure:7377: $? = 0
configure:7476: gcc -o conftest -g -O2   conftest.c  >&5
configure:7480: $? = 0
configure:7486: ./conftest
configure:7490: $? = 0
configure:7508: result: yes
configure:7532: checking for sys/types.h
configure:7553: gcc -c -g -O2  conftest.c >&5
configure:7560: $? = 0
configure:7577: result: yes
configure:7532: checking for sys/stat.h
configure:7553: gcc -c -g -O2  conftest.c >&5
configure:7560: $? = 0
configure:7577: result: yes
configure:7532: checking for stdlib.h
configure:7553: gcc -c -g -O2  conftest.c >&5
configure:7560: $? = 0
configure:7577: result: yes
configure:7532: checking for string.h
configure:7553: gcc -c -g -O2  conftest.c >&5
configure:7560: $? = 0
configure:7577: result: yes
configure:7532: checking for memory.h
configure:7553: gcc -c -g -O2  conftest.c >&5
configure:7560: $? = 0
configure:7577: result: yes
configure:7532: checking for strings.h
configure:7553: gcc -c -g -O2  conftest.c >&5
configure:7560: $? = 0
configure:7577: result: yes
configure:7532: checking for inttypes.h
configure:7553: gcc -c -g -O2  conftest.c >&5
configure:7560: $? = 0
configure:7577: result: yes
configure:7532: checking for stdint.h
configure:7553: gcc -c -g -O2  conftest.c >&5
configure:7560: $? = 0
configure:7577: result: yes
configure:7532: checking for unistd.h
configure:7553: gcc -c -g -O2  conftest.c >&5
configure:7560: $? = 0
configure:7577: result: yes
configure:7595: checking for dlfcn.h
configure:7616: gcc -c -g -O2  conftest.c >&5
configure:7623: $? = 0
configure:7640: result: yes
configure:7826: checking for objdir
configure:7841: result: .libs
configure:8137: checking if gcc supports -fno-rtti -fno-exceptions
configure:8155: gcc -c -g -O2  -fno-rtti -fno-exceptions conftest.c >&5
cc1: warning: command line option "-fno-rtti" is valid for C++/ObjC++ but not for C
configure:8159: $? = 0
configure:8172: result: no
configure:8192: checking for gcc option to produce PIC
configure:8464: result: -fPIC -DPIC
configure:8476: checking if gcc PIC flag -fPIC -DPIC works
configure:8494: gcc -c -g -O2  -fPIC -DPIC -DPIC conftest.c >&5
configure:8498: $? = 0
configure:8511: result: yes
configure:8535: checking if gcc static flag -static works
configure:8563: result: yes
configure:8578: checking if gcc supports -c -o file.o
configure:8599: gcc -c -g -O2  -o out/conftest2.o conftest.c >&5
configure:8603: $? = 0
configure:8625: result: yes
configure:8633: checking if gcc supports -c -o file.o
configure:8680: result: yes
configure:8713: checking whether the gcc linker (/usr/bin/ld -m elf_x86_64) supports shared libraries
configure:9788: result: yes
configure:9825: checking whether -lc should be explicitly linked in
configure:9830: gcc -c -g -O2  conftest.c >&5
configure:9833: $? = 0
configure:9848: gcc -shared conftest.o  -v -Wl,-soname -Wl,conftest -o conftest 2\>\&1 \| /bin/grep  -lc  \>/dev/null 2\>\&1
configure:9851: $? = 0
configure:9863: result: no
configure:10027: checking dynamic linker characteristics
configure:10470: gcc -o conftest -g -O2   -Wl,-rpath -Wl,/foo conftest.c  >&5
configure:10477: $? = 0
configure:10722: result: GNU/Linux ld.so
configure:10824: checking how to hardcode library paths into programs
configure:10849: result: immediate
configure:11682: checking whether stripping libraries is possible
configure:11687: result: yes
configure:11722: checking if libtool supports shared libraries
configure:11724: result: yes
configure:11727: checking whether to build shared libraries
configure:11748: result: yes
configure:11751: checking whether to build static libraries
configure:11755: result: no
configure:12013: creating ./config.status

## ---------------------- ##
## Running config.status. ##
## ---------------------- ##

This file was extended by config.status, which was
generated by GNU Autoconf 2.63.  Invocation command line was

  CONFIG_FILES    = 
  CONFIG_HEADERS  = 
  CONFIG_LINKS    = 
  CONFIG_COMMANDS = 
  $ ./config.status 

on mike-laptop

config.status:802: creating config.h
config.status:936: config.h is unchanged
config.status:954: executing libtool commands

## ---------------- ##
## Cache variables. ##
## ---------------- ##

ac_cv_build=x86_64-unknown-linux-gnu
ac_cv_c_compiler_gnu=yes
ac_cv_env_CC_set=
ac_cv_env_CC_value=
ac_cv_env_CFLAGS_set=
ac_cv_env_CFLAGS_value=
ac_cv_env_CPPFLAGS_set=
ac_cv_env_CPPFLAGS_value=
ac_cv_env_CPP_set=
ac_cv_env_CPP_value=
ac_cv_env_LDFLAGS_set=
ac_cv_env_LDFLAGS_value=
ac_cv_env_LIBS_set=
ac_cv_env_LIBS_value=
ac_cv_env_build_alias_set=
ac_cv_env_build_alias_value=
ac_cv_env_host_alias_set=
ac_cv_env_host_alias_value=
ac_cv_env_target_alias_set=
ac_cv_env_target_alias_value=
ac_cv_header_dlfcn_h=yes
ac_cv_header_inttypes_h=yes
ac_cv_header_memory_h=yes
ac_cv_header_stdc=yes
ac_cv_header_stdint_h=yes
ac_cv_header_stdlib_h=yes
ac_cv_header_string_h=yes
ac_cv_header_strings_h=yes
ac_cv_header_sys_stat_h=yes
ac_cv_header_sys_types_h=yes
ac_cv_header_unistd_h=yes
ac_cv_host=x86_64-unknown-linux-gnu
ac_cv_objext=o
ac_cv_path_EGREP='/bin/grep -E'
ac_cv_path_FGREP='/bin/grep -F'
ac_cv_path_GREP=/bin/grep
ac_cv_path_SED=/bin/sed
ac_cv_prog_AWK=nawk
ac_cv_prog_CPP='gcc -E'
ac_cv_prog_ac_ct_AR=ar
ac_cv_prog_ac_ct_CC=gcc
ac_cv_prog_ac_ct_OBJDUMP=objdump
ac_cv_prog_ac_ct_RANLIB=ranlib
ac_cv_prog_ac_ct_STRIP=strip
ac_cv_prog_cc_c89=
ac_cv_prog_cc_g=yes
ac_cv_prog_cc_gcc_c_o=yes
ac_cv_target=x86_64-unknown-linux-gnu
lt_cv_deplibs_check_method=pass_all
lt_cv_file_magic_cmd='$MAGIC_CMD'
lt_cv_file_magic_test_file=
lt_cv_ld_reload_flag=-r
lt_cv_nm_interface='BSD nm'
lt_cv_objdir=.libs
lt_cv_path_LD=/usr/bin/ld
lt_cv_path_NM='/usr/bin/nm -B'
lt_cv_prog_compiler_c_o=yes
lt_cv_prog_compiler_pic_works=yes
lt_cv_prog_compiler_rtti_exceptions=no
lt_cv_prog_compiler_static_works=yes
lt_cv_prog_gnu_ld=yes
lt_cv_sys_global_symbol_pipe='sed -n -e '\''s/^.*[	 ]\([ABCDGIRSTW][ABCDGIRSTW]*\)[	 ][	 ]*\([_A-Za-z][_A-Za-z0-9]*\)$/\1 \2 \2/p'\'''
lt_cv_sys_global_symbol_to_c_name_address='sed -n -e '\''s/^: \([^ ]*\) $/  {\"\1\", (void *) 0},/p'\'' -e '\''s/^[ABCDGIRSTW]* \([^ ]*\) \([^ ]*\)$/  {"\2", (void *) \&\2},/p'\'''
lt_cv_sys_global_symbol_to_c_name_address_lib_prefix='sed -n -e '\''s/^: \([^ ]*\) $/  {\"\1\", (void *) 0},/p'\'' -e '\''s/^[ABCDGIRSTW]* \([^ ]*\) \(lib[^ ]*\)$/  {"\2", (void *) \&\2},/p'\'' -e '\''s/^[ABCDGIRSTW]* \([^ ]*\) \([^ ]*\)$/  {"lib\2", (void *) \&\2},/p'\'''
lt_cv_sys_global_symbol_to_cdecl='sed -n -e '\''s/^T .* \(.*\)$/extern int \1();/p'\'' -e '\''s/^[ABCDGIRSTW]* .* \(.*\)$/extern char \1;/p'\'''
lt_cv_sys_max_cmd_len=1572864
php_cv_cc_dashr=no
php_cv_cc_rpath=yes

## ----------------- ##
## Output variables. ##
## ----------------- ##

AR='ar'
AWK='nawk'
CC='gcc'
CFLAGS='-g -O2'
CONFIGURE_COMMAND=' '\''./configure'\''  '\''--disable-option-checking'\'' '\''--prefix=/home/mike/proj/iome_release'\'' '\''--cache-file=/dev/null'\'' '\''--srcdir=.'\'''
CONFIGURE_OPTIONS=' '\''--disable-option-checking'\'' '\''--prefix=/home/mike/proj/iome_release'\'' '\''--cache-file=/dev/null'\'' '\''--srcdir=.'\'''
CPP='gcc -E'
CPPFLAGS=' -DHAVE_CONFIG_H'
DEFS='-DHAVE_CONFIG_H'
DSYMUTIL=''
DUMPBIN=''
ECHO_C=''
ECHO_N='-n'
ECHO_T=''
EGREP='/bin/grep -E'
EXEEXT=''
FGREP='/bin/grep -F'
GREP='/bin/grep'
LD='/usr/bin/ld -m elf_x86_64'
LDFLAGS=''
LIBOBJS=''
LIBS=''
LIBTOOL='$(SHELL) $(top_builddir)/libtool'
LIPO=''
LN_S='ln -s'
LTLIBOBJS=''
NM='/usr/bin/nm -B'
NMEDIT=''
OBJDUMP='objdump'
OBJEXT='o'
OTOOL64=''
OTOOL=''
PACKAGE_BUGREPORT=''
PACKAGE_NAME=''
PACKAGE_STRING=''
PACKAGE_TARNAME=''
PACKAGE_VERSION=''
PATH_SEPARATOR=':'
RANLIB='ranlib'
RE2C='exit 0;'
SED='/bin/sed'
SHELL='/bin/bash'
SHLIB_DL_SUFFIX_NAME='so'
SHLIB_SUFFIX_NAME='so'
STRIP='strip'
ac_ct_CC='gcc'
ac_ct_DUMPBIN=''
bindir='${exec_prefix}/bin'
build='x86_64-unknown-linux-gnu'
build_alias=''
build_cpu='x86_64'
build_os='linux-gnu'
build_vendor='unknown'
datadir='${datarootdir}'
datarootdir='${prefix}/share'
docdir='${datarootdir}/doc/${PACKAGE}'
dvidir='${docdir}'
exec_prefix='$(prefix)'
host='x86_64-unknown-linux-gnu'
host_alias='x86_64-unknown-linux-gnu'
host_cpu='x86_64'
host_os='linux-gnu'
host_vendor='unknown'
htmldir='${docdir}'
includedir='${prefix}/include'
infodir='${datarootdir}/info'
libdir='${exec_prefix}/lib'
libexecdir='${exec_prefix}/libexec'
localedir='${datarootdir}/locale'
localstatedir='${prefix}/var'
lt_ECHO='echo'
mandir='${datarootdir}/man'
oldincludedir='/usr/include'
pdfdir='${docdir}'
prefix='/usr'
program_transform_name='s,x,x,'
psdir='${docdir}'
sbindir='${exec_prefix}/sbin'
sharedstatedir='${prefix}/com'
sysconfdir='${prefix}/etc'
target='x86_64-unknown-linux-gnu'
target_alias=''
target_cpu='x86_64'
target_os='linux-gnu'
target_vendor='unknown'

## ----------- ##
## confdefs.h. ##
## ----------- ##

#define PACKAGE_NAME ""
#define PACKAGE_TARNAME ""
#define PACKAGE_VERSION ""
#define PACKAGE_STRING ""
#define PACKAGE_BUGREPORT ""
#define HAVE_IOPHP 1
#define COMPILE_DL_IOPHP 1
#define STDC_HEADERS 1
#define HAVE_SYS_TYPES_H 1
#define HAVE_SYS_STAT_H 1
#define HAVE_STDLIB_H 1
#define HAVE_STRING_H 1
#define HAVE_MEMORY_H 1
#define HAVE_STRINGS_H 1
#define HAVE_INTTYPES_H 1
#define HAVE_STDINT_H 1
#define HAVE_UNISTD_H 1
#define HAVE_DLFCN_H 1
#define LT_OBJDIR ".libs/"

configure: exit 0
